Building DAG of jobs...
Using shell: /bin/bash
Provided cores: 4
Rules claiming more threads will be scaled down.
Job stats:
job              count    min threads    max threads
-------------  -------  -------------  -------------
all                  1              1              1
compare_IC50s        1              1              1
docs_index           1              1              1
make_nblink          1              1              1
sphinx_build         1              1              1
total                5              1              1

Select jobs to execute...

[Tue Feb 14 19:49:28 2023]
rule compare_IC50s:
    input: results/antibody_escape/COV2-2130.pickle, results/antibody_escape/2130-1-0114-112.pickle, results/muteffects_functional/muteffects_observed.csv, notebooks/compare_IC50s.ipynb
    output: results/notebooks/compare_IC50s.ipynb
    log: results/logs/compare_IC50s.txt
    jobid: 47
    reason: Missing output files: results/notebooks/compare_IC50s.ipynb; Updated input files: notebooks/compare_IC50s.ipynb
    resources: tmpdir=/loc/scratch/10401670

Activating conda environment: .snakemake/conda/0773f21e8ca7fd0085a59061dd1b6349_
[Tue Feb 14 19:50:13 2023]
Finished job 47.
1 of 5 steps (20%) done
Select jobs to execute...

[Tue Feb 14 19:50:13 2023]
rule make_nblink:
    input: results/notebooks/compare_IC50s.ipynb
    output: results/docs_source/compare_IC50s.nblink
    log: results/logs/make_nblink_compare_IC50s.txt
    jobid: 58
    reason: Input files updated by another job: results/notebooks/compare_IC50s.ipynb
    wildcards: nb=compare_IC50s
    resources: tmpdir=/loc/scratch/10401670

Activating conda environment: .snakemake/conda/0773f21e8ca7fd0085a59061dd1b6349_
[Tue Feb 14 19:50:14 2023]
Finished job 58.
2 of 5 steps (40%) done
Select jobs to execute...

[Tue Feb 14 19:50:14 2023]
rule docs_index:
    input: results/gene_sequence/codon.fasta, results/gene_sequence/protein.fasta, results/site_numbering/site_numbering_map.csv, results/variants/codon_variants.csv, results/barcode_runs/processed_barcode_runs.csv, results/variant_counts/Lib-2_2022-03-14_thaw-3_no-antibody_control_1.csv, results/variant_counts/Lib-3_2022-03-14_thaw-3_no-antibody_control_1.csv, results/variant_counts/Lib-2_2022-03-14_thaw-3_antibody_COV2-2130_50.0_1.csv, results/variant_counts/Lib-2_2022-03-14_thaw-3_antibody_COV2-2130_200.0_1.csv, results/variant_counts/Lib-2_2022-03-14_thaw-3_antibody_COV2-2130_400.0_1.csv, results/variant_counts/Lib-2_2022-03-14_thaw-3_antibody_2130-1-0114-112_0.159896_1.csv, results/variant_counts/Lib-2_2022-03-14_thaw-3_antibody_2130-1-0114-112_0.79948_1.csv, results/variant_counts/Lib-2_2022-03-14_thaw-3_antibody_2130-1-0114-112_3.9974_1.csv, results/variant_counts/Lib-3_2022-03-14_thaw-3_antibody_COV2-2130_50.0_1.csv, results/variant_counts/Lib-3_2022-03-14_thaw-3_antibody_COV2-2130_200.0_1.csv, results/variant_counts/Lib-3_2022-03-14_thaw-3_antibody_COV2-2130_400.0_1.csv, results/variant_counts/Lib-3_2022-03-14_thaw-3_antibody_2130-1-0114-112_0.159896_1.csv, results/variant_counts/Lib-3_2022-03-14_thaw-3_antibody_2130-1-0114-112_0.79948_1.csv, results/variant_counts/Lib-3_2022-03-14_thaw-3_antibody_2130-1-0114-112_3.9974_1.csv, results/prob_escape/antibody_selections.csv, results/antibody_escape/COV2-2130_avg.csv, results/antibody_escape/COV2-2130_rep.csv, results/antibody_escape/2130-1-0114-112_avg.csv, results/antibody_escape/2130-1-0114-112_rep.csv, results/site_numbering/site_numbering_map.csv, results/notebooks/analyze_variant_counts.ipynb, results/notebooks/analyze_prob_escape.ipynb, results/notebooks/fit_polyclonal_Lib-2_2022-03-14_thaw-3_COV2-2130_1.ipynb, results/notebooks/fit_polyclonal_Lib-2_2022-03-14_thaw-3_2130-1-0114-112_1.ipynb, results/notebooks/fit_polyclonal_Lib-3_2022-03-14_thaw-3_COV2-2130_1.ipynb, results/notebooks/fit_polyclonal_Lib-3_2022-03-14_thaw-3_2130-1-0114-112_1.ipynb, results/notebooks/avg_antibody_escape_COV2-2130.ipynb, results/notebooks/avg_antibody_escape_2130-1-0114-112.ipynb, results/notebooks/compare_IC50s.ipynb, results/docs_source/fit_polyclonal.rst, results/docs_source/avg_antibody_escape.rst, results/docs_source/analyze_variant_counts.nblink, results/docs_source/analyze_prob_escape.nblink, results/docs_source/fit_polyclonal_Lib-2_2022-03-14_thaw-3_COV2-2130_1.nblink, results/docs_source/fit_polyclonal_Lib-2_2022-03-14_thaw-3_2130-1-0114-112_1.nblink, results/docs_source/fit_polyclonal_Lib-3_2022-03-14_thaw-3_COV2-2130_1.nblink, results/docs_source/fit_polyclonal_Lib-3_2022-03-14_thaw-3_2130-1-0114-112_1.nblink, results/docs_source/avg_antibody_escape_COV2-2130.nblink, results/docs_source/avg_antibody_escape_2130-1-0114-112.nblink, results/docs_source/compare_IC50s.nblink, results/docs_source/rulegraph.svg, results/docs_source/filegraph.svg, results/antibody_escape/COV2-2130_escape_plot.html, results/antibody_escape/2130-1-0114-112_escape_plot.html
    output: results/docs_source/index.rst
    log: results/logs/docs_index.txt
    jobid: 62
    reason: Input files updated by another job: results/docs_source/compare_IC50s.nblink, results/notebooks/compare_IC50s.ipynb
    resources: tmpdir=/loc/scratch/10401670

Activating conda environment: .snakemake/conda/0773f21e8ca7fd0085a59061dd1b6349_
Activating conda environment: .snakemake/conda/0773f21e8ca7fd0085a59061dd1b6349_
[Tue Feb 14 19:50:17 2023]
Finished job 62.
3 of 5 steps (60%) done
Select jobs to execute...

[Tue Feb 14 19:50:17 2023]
rule sphinx_build:
    input: results/gene_sequence/codon.fasta, results/gene_sequence/protein.fasta, results/site_numbering/site_numbering_map.csv, results/variants/codon_variants.csv, results/barcode_runs/processed_barcode_runs.csv, results/variant_counts/Lib-2_2022-03-14_thaw-3_no-antibody_control_1.csv, results/variant_counts/Lib-3_2022-03-14_thaw-3_no-antibody_control_1.csv, results/variant_counts/Lib-2_2022-03-14_thaw-3_antibody_COV2-2130_50.0_1.csv, results/variant_counts/Lib-2_2022-03-14_thaw-3_antibody_COV2-2130_200.0_1.csv, results/variant_counts/Lib-2_2022-03-14_thaw-3_antibody_COV2-2130_400.0_1.csv, results/variant_counts/Lib-2_2022-03-14_thaw-3_antibody_2130-1-0114-112_0.159896_1.csv, results/variant_counts/Lib-2_2022-03-14_thaw-3_antibody_2130-1-0114-112_0.79948_1.csv, results/variant_counts/Lib-2_2022-03-14_thaw-3_antibody_2130-1-0114-112_3.9974_1.csv, results/variant_counts/Lib-3_2022-03-14_thaw-3_antibody_COV2-2130_50.0_1.csv, results/variant_counts/Lib-3_2022-03-14_thaw-3_antibody_COV2-2130_200.0_1.csv, results/variant_counts/Lib-3_2022-03-14_thaw-3_antibody_COV2-2130_400.0_1.csv, results/variant_counts/Lib-3_2022-03-14_thaw-3_antibody_2130-1-0114-112_0.159896_1.csv, results/variant_counts/Lib-3_2022-03-14_thaw-3_antibody_2130-1-0114-112_0.79948_1.csv, results/variant_counts/Lib-3_2022-03-14_thaw-3_antibody_2130-1-0114-112_3.9974_1.csv, results/prob_escape/antibody_selections.csv, results/antibody_escape/COV2-2130_avg.csv, results/antibody_escape/COV2-2130_rep.csv, results/antibody_escape/2130-1-0114-112_avg.csv, results/antibody_escape/2130-1-0114-112_rep.csv, results/site_numbering/site_numbering_map.csv, results/notebooks/analyze_variant_counts.ipynb, results/notebooks/analyze_prob_escape.ipynb, results/notebooks/fit_polyclonal_Lib-2_2022-03-14_thaw-3_COV2-2130_1.ipynb, results/notebooks/fit_polyclonal_Lib-2_2022-03-14_thaw-3_2130-1-0114-112_1.ipynb, results/notebooks/fit_polyclonal_Lib-3_2022-03-14_thaw-3_COV2-2130_1.ipynb, results/notebooks/fit_polyclonal_Lib-3_2022-03-14_thaw-3_2130-1-0114-112_1.ipynb, results/notebooks/avg_antibody_escape_COV2-2130.ipynb, results/notebooks/avg_antibody_escape_2130-1-0114-112.ipynb, results/notebooks/compare_IC50s.ipynb, results/docs_source/fit_polyclonal.rst, results/docs_source/avg_antibody_escape.rst, results/docs_source/analyze_variant_counts.nblink, results/docs_source/analyze_prob_escape.nblink, results/docs_source/fit_polyclonal_Lib-2_2022-03-14_thaw-3_COV2-2130_1.nblink, results/docs_source/fit_polyclonal_Lib-2_2022-03-14_thaw-3_2130-1-0114-112_1.nblink, results/docs_source/fit_polyclonal_Lib-3_2022-03-14_thaw-3_COV2-2130_1.nblink, results/docs_source/fit_polyclonal_Lib-3_2022-03-14_thaw-3_2130-1-0114-112_1.nblink, results/docs_source/avg_antibody_escape_COV2-2130.nblink, results/docs_source/avg_antibody_escape_2130-1-0114-112.nblink, results/docs_source/compare_IC50s.nblink, results/docs_source/rulegraph.svg, results/docs_source/filegraph.svg, results/antibody_escape/COV2-2130_escape_plot.html, results/antibody_escape/2130-1-0114-112_escape_plot.html, results/docs_source/index.rst, dms-vep-pipeline/conf.py, results/antibody_escape/COV2-2130_escape_plot.html, results/antibody_escape/2130-1-0114-112_escape_plot.html
    output: docs
    log: results/logs/sphinx_build.txt
    jobid: 45
    reason: Input files updated by another job: results/docs_source/compare_IC50s.nblink, results/notebooks/compare_IC50s.ipynb, results/docs_source/index.rst
    resources: tmpdir=/loc/scratch/10401670

Activating conda environment: .snakemake/conda/0773f21e8ca7fd0085a59061dd1b6349_
[Tue Feb 14 19:50:40 2023]
Finished job 45.
4 of 5 steps (80%) done
Select jobs to execute...

[Tue Feb 14 19:50:40 2023]
localrule all:
    input: results/variant_counts/Lib-2_2022-03-14_thaw-3_no-antibody_control_1.csv, results/variant_counts/Lib-3_2022-03-14_thaw-3_no-antibody_control_1.csv, results/variant_counts/Lib-2_2022-03-14_thaw-3_antibody_COV2-2130_50.0_1.csv, results/variant_counts/Lib-2_2022-03-14_thaw-3_antibody_COV2-2130_200.0_1.csv, results/variant_counts/Lib-2_2022-03-14_thaw-3_antibody_COV2-2130_400.0_1.csv, results/variant_counts/Lib-2_2022-03-14_thaw-3_antibody_2130-1-0114-112_0.159896_1.csv, results/variant_counts/Lib-2_2022-03-14_thaw-3_antibody_2130-1-0114-112_0.79948_1.csv, results/variant_counts/Lib-2_2022-03-14_thaw-3_antibody_2130-1-0114-112_3.9974_1.csv, results/variant_counts/Lib-3_2022-03-14_thaw-3_antibody_COV2-2130_50.0_1.csv, results/variant_counts/Lib-3_2022-03-14_thaw-3_antibody_COV2-2130_200.0_1.csv, results/variant_counts/Lib-3_2022-03-14_thaw-3_antibody_COV2-2130_400.0_1.csv, results/variant_counts/Lib-3_2022-03-14_thaw-3_antibody_2130-1-0114-112_0.159896_1.csv, results/variant_counts/Lib-3_2022-03-14_thaw-3_antibody_2130-1-0114-112_0.79948_1.csv, results/variant_counts/Lib-3_2022-03-14_thaw-3_antibody_2130-1-0114-112_3.9974_1.csv, results/variant_counts/adequate_counts.flag, results/antibody_escape/COV2-2130_avg.csv, results/antibody_escape/COV2-2130_rep.csv, results/antibody_escape/2130-1-0114-112_avg.csv, results/antibody_escape/2130-1-0114-112_rep.csv, docs
    jobid: 0
    reason: Input files updated by another job: docs
    resources: tmpdir=/loc/scratch/10401670

[Tue Feb 14 19:50:40 2023]
Finished job 0.
5 of 5 steps (100%) done
Complete log: .snakemake/log/2023-02-14T194920.262200.snakemake.log
